[main 1ce0723] Daily backup 2026-03-20 23:00 +07
 1 file changed, 0 insertions(+), 0 deletions(-)
 create mode 100644 logs/backup.log
To github.com:duc041318/openclaw-workspace-backup.git
   f65f637..1ce0723  main -> main
Backup thành công: Fri Mar 20 23:00:04 +07 2026
[main 1ff2649] Daily backup 2026-03-21 23:00 +07
 1 file changed, 6 insertions(+)
To github.com:duc041318/openclaw-workspace-backup.git
   1ce0723..1ff2649  main -> main
Backup thành công: Sat Mar 21 23:00:05 +07 2026
[main 2d3bf66] Daily backup 2026-03-22 23:00 +07
 1 file changed, 5 insertions(+)
To github.com:duc041318/openclaw-workspace-backup.git
   1ff2649..2d3bf66  main -> main
Backup thành công: Sun Mar 22 23:00:04 +07 2026
[main 8ad646e] Daily backup 2026-03-23 23:00 +07
 1 file changed, 5 insertions(+)
To github.com:duc041318/openclaw-workspace-backup.git
   2d3bf66..8ad646e  main -> main
Backup thành công: Mon Mar 23 23:00:06 +07 2026
[main 411947f] Daily backup 2026-03-24 23:00 +07
 1 file changed, 5 insertions(+)
To github.com:duc041318/openclaw-workspace-backup.git
   8ad646e..411947f  main -> main
Backup thành công: Tue Mar 24 23:00:05 +07 2026
[main a44307d] Daily backup 2026-03-25 23:00 +07
 1 file changed, 5 insertions(+)
To github.com:duc041318/openclaw-workspace-backup.git
   411947f..a44307d  main -> main
Backup thành công: Wed Mar 25 23:00:05 +07 2026
[main 9ea52e2] Daily backup 2026-03-26 23:00 +07
 1 file changed, 5 insertions(+)
To github.com:duc041318/openclaw-workspace-backup.git
   a44307d..9ea52e2  main -> main
Backup thành công: Thu Mar 26 23:00:05 +07 2026
[main 805539d] Daily backup 2026-03-27 23:00 +07
 1 file changed, 5 insertions(+)
To github.com:duc041318/openclaw-workspace-backup.git
   9ea52e2..805539d  main -> main
Backup thành công: Fri Mar 27 23:00:05 +07 2026
[main e9dc7f6] Daily backup 2026-03-28 23:00 +07
 1 file changed, 5 insertions(+)
To github.com:duc041318/openclaw-workspace-backup.git
   805539d..e9dc7f6  main -> main
Backup thành công: Sat Mar 28 23:00:04 +07 2026
